{"D:\\Programming\\NCU_APP\\week4\\Test\\test_jest.ts": {"path":"D:\\Programming\\NCU_APP\\week4\\Test\\test_jest.ts","statementMap":{"0":{"start":{"line":2,"column":2},"end":{"line":2,"column":15}},"1":{"start":{"line":6,"column":2},"end":{"line":6,"column":15}},"2":{"start":{"line":11,"column":2},"end":{"line":11,"column":52}},"3":{"start":{"line":11,"column":45},"end":{"line":11,"column":50}},"4":{"start":{"line":15,"column":2},"end":{"line":15,"column":28}}},"fnMap":{"0":{"name":"add","decl":{"start":{"line":1,"column":16},"end":{"line":1,"column":19}},"loc":{"start":{"line":1,"column":50},"end":{"line":3,"column":1}},"line":1},"1":{"name":"concatString","decl":{"start":{"line":5,"column":16},"end":{"line":5,"column":28}},"loc":{"start":{"line":5,"column":59},"end":{"line":7,"column":1}},"line":5},"2":{"name":"makeArray","decl":{"start":{"line":9,"column":16},"end":{"line":9,"column":25}},"loc":{"start":{"line":9,"column":47},"end":{"line":12,"column":1}},"line":9},"3":{"name":"(anonymous_3)","decl":{"start":{"line":11,"column":35},"end":{"line":11,"column":36}},"loc":{"start":{"line":11,"column":45},"end":{"line":11,"column":50}},"line":11},"4":{"name":"makeObject","decl":{"start":{"line":14,"column":16},"end":{"line":14,"column":26}},"loc":{"start":{"line":14,"column":67},"end":{"line":16,"column":1}},"line":14}},"branchMap":{},"s":{"0":1,"1":1,"2":1,"3":10,"4":1},"f":{"0":1,"1":1,"2":1,"3":10,"4":1},"b":{},"_coverageSchema":"1a1c01bbd47fc00a2c39e90264f33305004495a9","hash":"03c150270f581e2b65963ec307af180363da1145"}
}
